[2023-01-09 09:12:34] laravel.EMERGENCY: Unable to create configured logger. Using emergency logger. {"exception":"[object] (InvalidArgumentException(code: 0): Log [] is not defined. at /var/www/vendor/laravel/framework/src/Illuminate/Log/LogManager.php:207)
[stacktrace]
#0 /var/www/vendor/laravel/framework/src/Illuminate/Log/LogManager.php(132): Illuminate\\Log\\LogManager->resolve(NULL, NULL)
#1 /var/www/vendor/laravel/framework/src/Illuminate/Log/LogManager.php(119): Illuminate\\Log\\LogManager->get(NULL)
#2 /var/www/vendor/laravel/framework/src/Illuminate/Log/LogManager.php(642): Illuminate\\Log\\LogManager->driver()
#3 /var/www/vendor/laravel/framework/src/Illuminate/Foundation/Exceptions/Handler.php(274): Illuminate\\Log\\LogManager->error('syntax error, u...', Array)
#4 /var/www/vendor/laravel/framework/src/Illuminate/Foundation/Console/Kernel.php(454): Illuminate\\Foundation\\Exceptions\\Handler->report(Object(ParseError))
#5 /var/www/vendor/laravel/framework/src/Illuminate/Foundation/Console/Kernel.php(157): Illuminate\\Foundation\\Console\\Kernel->reportException(Object(ParseError))
#6 /var/www/artisan(37): Illuminate\\Foundation\\Console\\Kernel->handle(Object(Symfony\\Component\\Console\\Input\\ArgvInput), Object(Symfony\\Component\\Console\\Output\\ConsoleOutput))
#7 {main}
"} 
[2023-01-09 09:12:34] laravel.ERROR: syntax error, unexpected token ")" {"exception":"[object] (ParseError(code: 0): syntax error, unexpected token \")\" at /var/www/vendor/symfony/finder/Finder.php:588)
[stacktrace]
#0 /var/www/vendor/composer/ClassLoader.php(322): Composer\\Autoload\\includeFile('/var/www/vendor...')
#1 /var/www/vendor/laravel/framework/src/Illuminate/Foundation/Bootstrap/LoadConfiguration.php(86): Composer\\Autoload\\ClassLoader->loadClass('Symfony\\\\Compone...')
#2 /var/www/vendor/laravel/framework/src/Illuminate/Foundation/Bootstrap/LoadConfiguration.php(63): Illuminate\\Foundation\\Bootstrap\\LoadConfiguration->getConfigurationFiles(Object(Illuminate\\Foundation\\Application))
#3 /var/www/vendor/laravel/framework/src/Illuminate/Foundation/Bootstrap/LoadConfiguration.php(39): Illuminate\\Foundation\\Bootstrap\\LoadConfiguration->loadConfigurationFiles(Object(Illuminate\\Foundation\\Application), Object(Illuminate\\Config\\Repository))
#4 /var/www/vendor/laravel/framework/src/Illuminate/Foundation/Application.php(242): Illuminate\\Foundation\\Bootstrap\\LoadConfiguration->bootstrap(Object(Illuminate\\Foundation\\Application))
#5 /var/www/vendor/laravel/framework/src/Illuminate/Foundation/Console/Kernel.php(383): Illuminate\\Foundation\\Application->bootstrapWith(Array)
#6 /var/www/vendor/laravel/framework/src/Illuminate/Foundation/Console/Kernel.php(153): Illuminate\\Foundation\\Console\\Kernel->bootstrap()
#7 /var/www/artisan(37): Illuminate\\Foundation\\Console\\Kernel->handle(Object(Symfony\\Component\\Console\\Input\\ArgvInput), Object(Symfony\\Component\\Console\\Output\\ConsoleOutput))
#8 {main}
"} 
[2023-01-09 09:14:55] laravel.EMERGENCY: Unable to create configured logger. Using emergency logger. {"exception":"[object] (InvalidArgumentException(code: 0): Log [] is not defined. at /var/www/vendor/laravel/framework/src/Illuminate/Log/LogManager.php:207)
[stacktrace]
#0 /var/www/vendor/laravel/framework/src/Illuminate/Log/LogManager.php(132): Illuminate\\Log\\LogManager->resolve(NULL, NULL)
#1 /var/www/vendor/laravel/framework/src/Illuminate/Log/LogManager.php(119): Illuminate\\Log\\LogManager->get(NULL)
#2 /var/www/vendor/laravel/framework/src/Illuminate/Log/LogManager.php(642): Illuminate\\Log\\LogManager->driver()
#3 /var/www/vendor/laravel/framework/src/Illuminate/Foundation/Exceptions/Handler.php(274): Illuminate\\Log\\LogManager->error('syntax error, u...', Array)
#4 /var/www/vendor/laravel/framework/src/Illuminate/Foundation/Console/Kernel.php(454): Illuminate\\Foundation\\Exceptions\\Handler->report(Object(ParseError))
#5 /var/www/vendor/laravel/framework/src/Illuminate/Foundation/Console/Kernel.php(157): Illuminate\\Foundation\\Console\\Kernel->reportException(Object(ParseError))
#6 /var/www/artisan(37): Illuminate\\Foundation\\Console\\Kernel->handle(Object(Symfony\\Component\\Console\\Input\\ArgvInput), Object(Symfony\\Component\\Console\\Output\\ConsoleOutput))
#7 {main}
"} 
[2023-01-09 09:14:55] laravel.ERROR: syntax error, unexpected token ")" {"exception":"[object] (ParseError(code: 0): syntax error, unexpected token \")\" at /var/www/vendor/symfony/finder/Finder.php:588)
[stacktrace]
#0 /var/www/vendor/composer/ClassLoader.php(322): Composer\\Autoload\\includeFile('/var/www/vendor...')
#1 /var/www/vendor/laravel/framework/src/Illuminate/Foundation/Bootstrap/LoadConfiguration.php(86): Composer\\Autoload\\ClassLoader->loadClass('Symfony\\\\Compone...')
#2 /var/www/vendor/laravel/framework/src/Illuminate/Foundation/Bootstrap/LoadConfiguration.php(63): Illuminate\\Foundation\\Bootstrap\\LoadConfiguration->getConfigurationFiles(Object(Illuminate\\Foundation\\Application))
#3 /var/www/vendor/laravel/framework/src/Illuminate/Foundation/Bootstrap/LoadConfiguration.php(39): Illuminate\\Foundation\\Bootstrap\\LoadConfiguration->loadConfigurationFiles(Object(Illuminate\\Foundation\\Application), Object(Illuminate\\Config\\Repository))
#4 /var/www/vendor/laravel/framework/src/Illuminate/Foundation/Application.php(242): Illuminate\\Foundation\\Bootstrap\\LoadConfiguration->bootstrap(Object(Illuminate\\Foundation\\Application))
#5 /var/www/vendor/laravel/framework/src/Illuminate/Foundation/Console/Kernel.php(383): Illuminate\\Foundation\\Application->bootstrapWith(Array)
#6 /var/www/vendor/laravel/framework/src/Illuminate/Foundation/Console/Kernel.php(153): Illuminate\\Foundation\\Console\\Kernel->bootstrap()
#7 /var/www/artisan(37): Illuminate\\Foundation\\Console\\Kernel->handle(Object(Symfony\\Component\\Console\\Input\\ArgvInput), Object(Symfony\\Component\\Console\\Output\\ConsoleOutput))
#8 {main}
"} 
